# JRE version: OpenJDK Runtime Environment (8.0_242-b01) (build 1.8.0_242-release-1644-b01)
# Java VM: OpenJDK 64-Bit Server VM (25.242-b01 mixed mode windows-amd64 compressed oops)
Heap:
 PSYoungGen      total 565248K, used 276015K [0x00000000d5580000, 0x00000000fc680000, 0x0000000100000000)
  eden space 524288K, 44% used [0x00000000d5580000,0x00000000e3b10fc8,0x00000000f5580000)
  from space 40960K, 99% used [0x00000000f8800000,0x00000000faffaf88,0x00000000fb000000)
  to   space 51712K, 0% used [0x00000000f5580000,0x00000000f5580000,0x00000000f8800000)
 ParOldGen       total 295936K, used 97260K [0x0000000080000000, 0x0000000092100000, 0x00000000d5580000)
  object space 295936K, 32% used [0x0000000080000000,0x0000000085efb058,0x0000000092100000)
 Metaspace       used 116188K, capacity 121213K, committed 121472K, reserved 1155072K
  class space    used 15194K, capacity 16201K, committed 16256K, reserved 1048576K
GC Heap History (10 events):
Event: 11.498 GC heap before
{Heap before GC invocations=12 (full 3):
 PSYoungGen      total 368128K, used 349184K [0x00000000d5580000, 0x00000000edf00000, 0x0000000100000000)
  eden space 349184K, 100% used [0x00000000d5580000,0x00000000eaa80000,0x00000000eaa80000)
  from space 18944K, 0% used [0x00000000ec300000,0x00000000ec300000,0x00000000ed580000)
  to   space 25088K, 0% used [0x00000000eaa80000,0x00000000eaa80000,0x00000000ec300000)
 ParOldGen       total 193024K, used 41381K [0x0000000080000000, 0x000000008bc80000, 0x00000000d5580000)
  object space 193024K, 21% used [0x0000000080000000,0x00000000828696c8,0x000000008bc80000)
 Metaspace       used 75476K, capacity 78917K, committed 79232K, reserved 1118208K
  class space    used 10354K, capacity 11030K, committed 11136K, reserved 1048576K
Event: 11.516 GC heap after
Heap after GC invocations=12 (full 3):
 PSYoungGen      total 374272K, used 25082K [0x00000000d5580000, 0x00000000f4280000, 0x0000000100000000)
  eden space 349184K, 0% used [0x00000000d5580000,0x00000000d5580000,0x00000000eaa80000)
  from space 25088K, 99% used [0x00000000eaa80000,0x00000000ec2febd0,0x00000000ec300000)
  to   space 31744K, 0% used [0x00000000f2380000,0x00000000f2380000,0x00000000f4280000)
 ParOldGen       total 193024K, used 48798K [0x0000000080000000, 0x000000008bc80000, 0x00000000d5580000)
  object space 193024K, 25% used [0x0000000080000000,0x0000000082fa7b58,0x000000008bc80000)
 Metaspace       used 75476K, capacity 78917K, committed 79232K, reserved 1118208K
  class space    used 10354K, capacity 11030K, committed 11136K, reserved 1048576K
}
Event: 1600.424 GC heap before
{Heap before GC invocations=13 (full 3):
 PSYoungGen      total 374272K, used 374266K [0x00000000d5580000, 0x00000000f4280000, 0x0000000100000000)
  eden space 349184K, 100% used [0x00000000d5580000,0x00000000eaa80000,0x00000000eaa80000)
  from space 25088K, 99% used [0x00000000eaa80000,0x00000000ec2febd0,0x00000000ec300000)
  to   space 31744K, 0% used [0x00000000f2380000,0x00000000f2380000,0x00000000f4280000)
 ParOldGen       total 193024K, used 48798K [0x0000000080000000, 0x000000008bc80000, 0x00000000d5580000)
  object space 193024K, 25% used [0x0000000080000000,0x0000000082fa7b58,0x000000008bc80000)
 Metaspace       used 91496K, capacity 96175K, committed 96384K, reserved 1132544K
  class space    used 12205K, capacity 13157K, committed 13184K, reserved 1048576K
Event: 1600.457 GC heap after
Heap after GC invocations=13 (full 3):
 PSYoungGen      total 458752K, used 31728K [0x00000000d5580000, 0x00000000f4880000, 0x0000000100000000)
  eden space 427008K, 0% used [0x00000000d5580000,0x00000000d5580000,0x00000000ef680000)
  from space 31744K, 99% used [0x00000000f2380000,0x00000000f427c1a8,0x00000000f4280000)
  to   space 41984K, 0% used [0x00000000ef680000,0x00000000ef680000,0x00000000f1f80000)
 ParOldGen       total 193024K, used 64375K [0x0000000080000000, 0x000000008bc80000, 0x00000000d5580000)
  object space 193024K, 33% used [0x0000000080000000,0x0000000083edde48,0x000000008bc80000)
 Metaspace       used 91496K, capacity 96175K, committed 96384K, reserved 1132544K
  class space    used 12205K, capacity 13157K, committed 13184K, reserved 1048576K
}
Event: 1601.632 GC heap before
{Heap before GC invocations=14 (full 3):
 PSYoungGen      total 458752K, used 150968K [0x00000000d5580000, 0x00000000f4880000, 0x0000000100000000)
  eden space 427008K, 27% used [0x00000000d5580000,0x00000000dc9f2238,0x00000000ef680000)
  from space 31744K, 99% used [0x00000000f2380000,0x00000000f427c1a8,0x00000000f4280000)
  to   space 41984K, 0% used [0x00000000ef680000,0x00000000ef680000,0x00000000f1f80000)
 ParOldGen       total 193024K, used 64375K [0x0000000080000000, 0x000000008bc80000, 0x00000000d5580000)
  object space 193024K, 33% used [0x0000000080000000,0x0000000083edde48,0x000000008bc80000)
 Metaspace       used 93763K, capacity 98397K, committed 98496K, reserved 1134592K
  class space    used 12469K, capacity 13400K, committed 13440K, reserved 1048576K
Event: 1601.660 GC heap after
Heap after GC invocations=14 (full 3):
 PSYoungGen      total 468992K, used 21131K [0x00000000d5580000, 0x00000000fb000000, 0x0000000100000000)
  eden space 427008K, 0% used [0x00000000d5580000,0x00000000d5580000,0x00000000ef680000)
  from space 41984K, 50% used [0x00000000ef680000,0x00000000f0b22df0,0x00000000f1f80000)
  to   space 40960K, 0% used [0x00000000f8800000,0x00000000f8800000,0x00000000fb000000)
 ParOldGen       total 193024K, used 94897K [0x0000000080000000, 0x000000008bc80000, 0x00000000d5580000)
  object space 193024K, 49% used [0x0000000080000000,0x0000000085cac750,0x000000008bc80000)
 Metaspace       used 93763K, capacity 98397K, committed 98496K, reserved 1134592K
  class space    used 12469K, capacity 13400K, committed 13440K, reserved 1048576K
}
Event: 1601.660 GC heap before
{Heap before GC invocations=15 (full 4):
 PSYoungGen      total 468992K, used 21131K [0x00000000d5580000, 0x00000000fb000000, 0x0000000100000000)
  eden space 427008K, 0% used [0x00000000d5580000,0x00000000d5580000,0x00000000ef680000)
  from space 41984K, 50% used [0x00000000ef680000,0x00000000f0b22df0,0x00000000f1f80000)
  to   space 40960K, 0% used [0x00000000f8800000,0x00000000f8800000,0x00000000fb000000)
 ParOldGen       total 193024K, used 94897K [0x0000000080000000, 0x000000008bc80000, 0x00000000d5580000)
  object space 193024K, 49% used [0x0000000080000000,0x0000000085cac750,0x000000008bc80000)
 Metaspace       used 93763K, capacity 98397K, committed 98496K, reserved 1134592K
  class space    used 12469K, capacity 13400K, committed 13440K, reserved 1048576K
Event: 1601.849 GC heap after
Heap after GC invocations=15 (full 4):
 PSYoungGen      total 468992K, used 0K [0x00000000d5580000, 0x00000000fb000000, 0x0000000100000000)
  eden space 427008K, 0% used [0x00000000d5580000,0x00000000d5580000,0x00000000ef680000)
  from space 41984K, 0% used [0x00000000ef680000,0x00000000ef680000,0x00000000f1f80000)
  to   space 40960K, 0% used [0x00000000f8800000,0x00000000f8800000,0x00000000fb000000)
 ParOldGen       total 295936K, used 84727K [0x0000000080000000, 0x0000000092100000, 0x00000000d5580000)
  object space 295936K, 28% used [0x0000000080000000,0x00000000852bded0,0x0000000092100000)
 Metaspace       used 93684K, capacity 98161K, committed 98496K, reserved 1134592K
  class space    used 12445K, capacity 13356K, committed 13440K, reserved 1048576K
}
Event: 1622.281 GC heap before
{Heap before GC invocations=16 (full 4):
 PSYoungGen      total 468992K, used 427008K [0x00000000d5580000, 0x00000000fb000000, 0x0000000100000000)
  eden space 427008K, 100% used [0x00000000d5580000,0x00000000ef680000,0x00000000ef680000)
  from space 41984K, 0% used [0x00000000ef680000,0x00000000ef680000,0x00000000f1f80000)
  to   space 40960K, 0% used [0x00000000f8800000,0x00000000f8800000,0x00000000fb000000)
 ParOldGen       total 295936K, used 84727K [0x0000000080000000, 0x0000000092100000, 0x00000000d5580000)
  object space 295936K, 28% used [0x0000000080000000,0x00000000852bded0,0x0000000092100000)
 Metaspace       used 109425K, capacity 114475K, committed 114816K, reserved 1148928K
  class space    used 14419K, capacity 15400K, committed 15488K, reserved 1048576K
Event: 1622.310 GC heap after
Heap after GC invocations=16 (full 4):
 PSYoungGen      total 565248K, used 40939K [0x00000000d5580000, 0x00000000fc680000, 0x0000000100000000)
  eden space 524288K, 0% used [0x00000000d5580000,0x00000000d5580000,0x00000000f5580000)
  from space 40960K, 99% used [0x00000000f8800000,0x00000000faffaf88,0x00000000fb000000)
  to   space 51712K, 0% used [0x00000000f5580000,0x00000000f5580000,0x00000000f8800000)
 ParOldGen       total 295936K, used 97260K [0x0000000080000000, 0x0000000092100000, 0x00000000d5580000)
  object space 295936K, 32% used [0x0000000080000000,0x0000000085efb058,0x0000000092100000)
 Metaspace       used 109425K, capacity 114475K, committed 114816K, reserved 1148928K
  class space    used 14419K, capacity 15400K, committed 15488K, reserved 1048576K
}

